Output of:
arm-linux-androideabi-gcc -Wall -Wshadow -Wwrite-strings -Wundef -Wstrict-prototypes -Wunused -Wunused-parameter -Wunused-function -Wunused-value -Wmissing-prototypes -Wmissing-declarations -Wno-format-security -Wdeclaration-after-statement -Wold-style-definition -fno-builtin-strlen -finline-limit=0 -fomit-frame-pointer -ffunction-sections -fdata-sections -fno-guess-branch-probability -funsigned-char -static-libgcc -falign-functions=1 -falign-jumps=1 -falign-labels=1 -falign-loops=1 -fno-unwind-tables -fno-asynchronous-unwind-tables -fno-builtin-printf -Os --sysroot=/home/wenyu/server/localdisk/msm722/prebuilts/ndk/9/platforms/android-18/arch-arm -static -o busybox_unstripped -Wl,--sort-common -Wl,--gc-sections -Wl,--start-group applets/built-in.o archival/lib.a archival/libarchive/lib.a console-tools/lib.a coreutils/lib.a coreutils/libcoreutils/lib.a debianutils/lib.a e2fsprogs/lib.a editors/lib.a findutils/lib.a init/lib.a libbb/lib.a libpwdgrp/lib.a loginutils/lib.a mailutils/lib.a miscutils/lib.a modutils/lib.a networking/lib.a networking/libiproute/lib.a networking/udhcp/lib.a printutils/lib.a procps/lib.a runit/lib.a selinux/lib.a shell/lib.a sysklogd/lib.a util-linux/lib.a util-linux/volume_id/lib.a archival/built-in.o archival/libarchive/built-in.o console-tools/built-in.o coreutils/built-in.o coreutils/libcoreutils/built-in.o debianutils/built-in.o e2fsprogs/built-in.o editors/built-in.o findutils/built-in.o init/built-in.o libbb/built-in.o libpwdgrp/built-in.o loginutils/built-in.o mailutils/built-in.o miscutils/built-in.o modutils/built-in.o networking/built-in.o networking/libiproute/built-in.o networking/udhcp/built-in.o printutils/built-in.o procps/built-in.o runit/built-in.o selinux/built-in.o shell/built-in.o sysklogd/built-in.o util-linux/built-in.o util-linux/volume_id/built-in.o -Wl,--end-group -Wl,--start-group -lm -Wl,--end-group -Wl,--warn-common -Wl,-Map,busybox_unstripped.map -Wl,--verbose
==========
/home/wenyu/server/localdisk/msm722/prebuilts/gcc/linux-x86/arm/arm-linux-androideabi-4.7/bin/../lib/gcc/arm-linux-androideabi/4.7/../../../../arm-linux-androideabi/bin/ld: Attempt to open /home/wenyu/server/localdisk/msm722/prebuilts/ndk/9/platforms/android-18/arch-arm/usr/lib/crtbegin_static.o succeeded
/home/wenyu/server/localdisk/msm722/prebuilts/gcc/linux-x86/arm/arm-linux-androideabi-4.7/bin/../lib/gcc/arm-linux-androideabi/4.7/../../../../arm-linux-androideabi/bin/ld: Attempt to open applets/built-in.o succeeded
/home/wenyu/server/localdisk/msm722/prebuilts/gcc/linux-x86/arm/arm-linux-androideabi-4.7/bin/../lib/gcc/arm-linux-androideabi/4.7/../../../../arm-linux-androideabi/bin/ld: Attempt to open archival/lib.a succeeded
/home/wenyu/server/localdisk/msm722/prebuilts/gcc/linux-x86/arm/arm-linux-androideabi-4.7/bin/../lib/gcc/arm-linux-androideabi/4.7/../../../../arm-linux-androideabi/bin/ld: Attempt to open archival/libarchive/lib.a succeeded
/home/wenyu/server/localdisk/msm722/prebuilts/gcc/linux-x86/arm/arm-linux-androideabi-4.7/bin/../lib/gcc/arm-linux-androideabi/4.7/../../../../arm-linux-androideabi/bin/ld: Attempt to open console-tools/lib.a succeeded
/home/wenyu/server/localdisk/msm722/prebuilts/gcc/linux-x86/arm/arm-linux-androideabi-4.7/bin/../lib/gcc/arm-linux-androideabi/4.7/../../../../arm-linux-androideabi/bin/ld: Attempt to open coreutils/lib.a succeeded
/home/wenyu/server/localdisk/msm722/prebuilts/gcc/linux-x86/arm/arm-linux-androideabi-4.7/bin/../lib/gcc/arm-linux-androideabi/4.7/../../../../arm-linux-androideabi/bin/ld: Attempt to open coreutils/libcoreutils/lib.a succeeded
/home/wenyu/server/localdisk/msm722/prebuilts/gcc/linux-x86/arm/arm-linux-androideabi-4.7/bin/../lib/gcc/arm-linux-androideabi/4.7/../../../../arm-linux-androideabi/bin/ld: Attempt to open debianutils/lib.a succeeded
/home/wenyu/server/localdisk/msm722/prebuilts/gcc/linux-x86/arm/arm-linux-androideabi-4.7/bin/../lib/gcc/arm-linux-androideabi/4.7/../../../../arm-linux-androideabi/bin/ld: Attempt to open e2fsprogs/lib.a succeeded
/home/wenyu/server/localdisk/msm722/prebuilts/gcc/linux-x86/arm/arm-linux-androideabi-4.7/bin/../lib/gcc/arm-linux-androideabi/4.7/../../../../arm-linux-androideabi/bin/ld: Attempt to open editors/lib.a succeeded
/home/wenyu/server/localdisk/msm722/prebuilts/gcc/linux-x86/arm/arm-linux-androideabi-4.7/bin/../lib/gcc/arm-linux-androideabi/4.7/../../../../arm-linux-androideabi/bin/ld: Attempt to open findutils/lib.a succeeded
/home/wenyu/server/localdisk/msm722/prebuilts/gcc/linux-x86/arm/arm-linux-androideabi-4.7/bin/../lib/gcc/arm-linux-androideabi/4.7/../../../../arm-linux-androideabi/bin/ld: Attempt to open init/lib.a succeeded
/home/wenyu/server/localdisk/msm722/prebuilts/gcc/linux-x86/arm/arm-linux-androideabi-4.7/bin/../lib/gcc/arm-linux-androideabi/4.7/../../../../arm-linux-androideabi/bin/ld: Attempt to open libbb/lib.a succeeded
/home/wenyu/server/localdisk/msm722/prebuilts/gcc/linux-x86/arm/arm-linux-androideabi-4.7/bin/../lib/gcc/arm-linux-androideabi/4.7/../../../../arm-linux-androideabi/bin/ld: Attempt to open libpwdgrp/lib.a succeeded
/home/wenyu/server/localdisk/msm722/prebuilts/gcc/linux-x86/arm/arm-linux-androideabi-4.7/bin/../lib/gcc/arm-linux-androideabi/4.7/../../../../arm-linux-androideabi/bin/ld: Attempt to open loginutils/lib.a succeeded
/home/wenyu/server/localdisk/msm722/prebuilts/gcc/linux-x86/arm/arm-linux-androideabi-4.7/bin/../lib/gcc/arm-linux-androideabi/4.7/../../../../arm-linux-androideabi/bin/ld: Attempt to open mailutils/lib.a succeeded
/home/wenyu/server/localdisk/msm722/prebuilts/gcc/linux-x86/arm/arm-linux-androideabi-4.7/bin/../lib/gcc/arm-linux-androideabi/4.7/../../../../arm-linux-androideabi/bin/ld: Attempt to open miscutils/lib.a succeeded
/home/wenyu/server/localdisk/msm722/prebuilts/gcc/linux-x86/arm/arm-linux-androideabi-4.7/bin/../lib/gcc/arm-linux-androideabi/4.7/../../../../arm-linux-androideabi/bin/ld: Attempt to open modutils/lib.a succeeded
/home/wenyu/server/localdisk/msm722/prebuilts/gcc/linux-x86/arm/arm-linux-androideabi-4.7/bin/../lib/gcc/arm-linux-androideabi/4.7/../../../../arm-linux-androideabi/bin/ld: Attempt to open networking/lib.a succeeded
/home/wenyu/server/localdisk/msm722/prebuilts/gcc/linux-x86/arm/arm-linux-androideabi-4.7/bin/../lib/gcc/arm-linux-androideabi/4.7/../../../../arm-linux-androideabi/bin/ld: Attempt to open networking/libiproute/lib.a succeeded
/home/wenyu/server/localdisk/msm722/prebuilts/gcc/linux-x86/arm/arm-linux-androideabi-4.7/bin/../lib/gcc/arm-linux-androideabi/4.7/../../../../arm-linux-androideabi/bin/ld: Attempt to open networking/udhcp/lib.a succeeded
/home/wenyu/server/localdisk/msm722/prebuilts/gcc/linux-x86/arm/arm-linux-androideabi-4.7/bin/../lib/gcc/arm-linux-androideabi/4.7/../../../../arm-linux-androideabi/bin/ld: Attempt to open printutils/lib.a succeeded
/home/wenyu/server/localdisk/msm722/prebuilts/gcc/linux-x86/arm/arm-linux-androideabi-4.7/bin/../lib/gcc/arm-linux-androideabi/4.7/../../../../arm-linux-androideabi/bin/ld: Attempt to open procps/lib.a succeeded
/home/wenyu/server/localdisk/msm722/prebuilts/gcc/linux-x86/arm/arm-linux-androideabi-4.7/bin/../lib/gcc/arm-linux-androideabi/4.7/../../../../arm-linux-androideabi/bin/ld: Attempt to open runit/lib.a succeeded
/home/wenyu/server/localdisk/msm722/prebuilts/gcc/linux-x86/arm/arm-linux-androideabi-4.7/bin/../lib/gcc/arm-linux-androideabi/4.7/../../../../arm-linux-androideabi/bin/ld: Attempt to open selinux/lib.a succeeded
/home/wenyu/server/localdisk/msm722/prebuilts/gcc/linux-x86/arm/arm-linux-androideabi-4.7/bin/../lib/gcc/arm-linux-androideabi/4.7/../../../../arm-linux-androideabi/bin/ld: Attempt to open shell/lib.a succeeded
/home/wenyu/server/localdisk/msm722/prebuilts/gcc/linux-x86/arm/arm-linux-androideabi-4.7/bin/../lib/gcc/arm-linux-androideabi/4.7/../../../../arm-linux-androideabi/bin/ld: Attempt to open sysklogd/lib.a succeeded
/home/wenyu/server/localdisk/msm722/prebuilts/gcc/linux-x86/arm/arm-linux-androideabi-4.7/bin/../lib/gcc/arm-linux-androideabi/4.7/../../../../arm-linux-androideabi/bin/ld: Attempt to open util-linux/lib.a succeeded
/home/wenyu/server/localdisk/msm722/prebuilts/gcc/linux-x86/arm/arm-linux-androideabi-4.7/bin/../lib/gcc/arm-linux-androideabi/4.7/../../../../arm-linux-androideabi/bin/ld: Attempt to open util-linux/volume_id/lib.a succeeded
/home/wenyu/server/localdisk/msm722/prebuilts/gcc/linux-x86/arm/arm-linux-androideabi-4.7/bin/../lib/gcc/arm-linux-androideabi/4.7/../../../../arm-linux-androideabi/bin/ld: Attempt to open archival/built-in.o succeeded
/home/wenyu/server/localdisk/msm722/prebuilts/gcc/linux-x86/arm/arm-linux-androideabi-4.7/bin/../lib/gcc/arm-linux-androideabi/4.7/../../../../arm-linux-androideabi/bin/ld: Attempt to open archival/libarchive/built-in.o succeeded
/home/wenyu/server/localdisk/msm722/prebuilts/gcc/linux-x86/arm/arm-linux-androideabi-4.7/bin/../lib/gcc/arm-linux-androideabi/4.7/../../../../arm-linux-androideabi/bin/ld: Attempt to open console-tools/built-in.o succeeded
/home/wenyu/server/localdisk/msm722/prebuilts/gcc/linux-x86/arm/arm-linux-androideabi-4.7/bin/../lib/gcc/arm-linux-androideabi/4.7/../../../../arm-linux-androideabi/bin/ld: Attempt to open coreutils/built-in.o succeeded
/home/wenyu/server/localdisk/msm722/prebuilts/gcc/linux-x86/arm/arm-linux-androideabi-4.7/bin/../lib/gcc/arm-linux-androideabi/4.7/../../../../arm-linux-androideabi/bin/ld: Attempt to open coreutils/libcoreutils/built-in.o succeeded
/home/wenyu/server/localdisk/msm722/prebuilts/gcc/linux-x86/arm/arm-linux-androideabi-4.7/bin/../lib/gcc/arm-linux-androideabi/4.7/../../../../arm-linux-androideabi/bin/ld: Attempt to open debianutils/built-in.o succeeded
/home/wenyu/server/localdisk/msm722/prebuilts/gcc/linux-x86/arm/arm-linux-androideabi-4.7/bin/../lib/gcc/arm-linux-androideabi/4.7/../../../../arm-linux-androideabi/bin/ld: Attempt to open e2fsprogs/built-in.o succeeded
/home/wenyu/server/localdisk/msm722/prebuilts/gcc/linux-x86/arm/arm-linux-androideabi-4.7/bin/../lib/gcc/arm-linux-androideabi/4.7/../../../../arm-linux-androideabi/bin/ld: Attempt to open editors/built-in.o succeeded
/home/wenyu/server/localdisk/msm722/prebuilts/gcc/linux-x86/arm/arm-linux-androideabi-4.7/bin/../lib/gcc/arm-linux-androideabi/4.7/../../../../arm-linux-androideabi/bin/ld: Attempt to open findutils/built-in.o succeeded
/home/wenyu/server/localdisk/msm722/prebuilts/gcc/linux-x86/arm/arm-linux-androideabi-4.7/bin/../lib/gcc/arm-linux-androideabi/4.7/../../../../arm-linux-androideabi/bin/ld: Attempt to open init/built-in.o succeeded
/home/wenyu/server/localdisk/msm722/prebuilts/gcc/linux-x86/arm/arm-linux-androideabi-4.7/bin/../lib/gcc/arm-linux-androideabi/4.7/../../../../arm-linux-androideabi/bin/ld: Attempt to open libbb/built-in.o succeeded
/home/wenyu/server/localdisk/msm722/prebuilts/gcc/linux-x86/arm/arm-linux-androideabi-4.7/bin/../lib/gcc/arm-linux-androideabi/4.7/../../../../arm-linux-androideabi/bin/ld: Attempt to open libpwdgrp/built-in.o succeeded
/home/wenyu/server/localdisk/msm722/prebuilts/gcc/linux-x86/arm/arm-linux-androideabi-4.7/bin/../lib/gcc/arm-linux-androideabi/4.7/../../../../arm-linux-androideabi/bin/ld: Attempt to open loginutils/built-in.o succeeded
/home/wenyu/server/localdisk/msm722/prebuilts/gcc/linux-x86/arm/arm-linux-androideabi-4.7/bin/../lib/gcc/arm-linux-androideabi/4.7/../../../../arm-linux-androideabi/bin/ld: Attempt to open mailutils/built-in.o succeeded
/home/wenyu/server/localdisk/msm722/prebuilts/gcc/linux-x86/arm/arm-linux-androideabi-4.7/bin/../lib/gcc/arm-linux-androideabi/4.7/../../../../arm-linux-androideabi/bin/ld: Attempt to open miscutils/built-in.o succeeded
/home/wenyu/server/localdisk/msm722/prebuilts/gcc/linux-x86/arm/arm-linux-androideabi-4.7/bin/../lib/gcc/arm-linux-androideabi/4.7/../../../../arm-linux-androideabi/bin/ld: Attempt to open modutils/built-in.o succeeded
/home/wenyu/server/localdisk/msm722/prebuilts/gcc/linux-x86/arm/arm-linux-androideabi-4.7/bin/../lib/gcc/arm-linux-androideabi/4.7/../../../../arm-linux-androideabi/bin/ld: Attempt to open networking/built-in.o succeeded
/home/wenyu/server/localdisk/msm722/prebuilts/gcc/linux-x86/arm/arm-linux-androideabi-4.7/bin/../lib/gcc/arm-linux-androideabi/4.7/../../../../arm-linux-androideabi/bin/ld: Attempt to open networking/libiproute/built-in.o succeeded
/home/wenyu/server/localdisk/msm722/prebuilts/gcc/linux-x86/arm/arm-linux-androideabi-4.7/bin/../lib/gcc/arm-linux-androideabi/4.7/../../../../arm-linux-androideabi/bin/ld: Attempt to open networking/udhcp/built-in.o succeeded
/home/wenyu/server/localdisk/msm722/prebuilts/gcc/linux-x86/arm/arm-linux-androideabi-4.7/bin/../lib/gcc/arm-linux-androideabi/4.7/../../../../arm-linux-androideabi/bin/ld: Attempt to open printutils/built-in.o succeeded
/home/wenyu/server/localdisk/msm722/prebuilts/gcc/linux-x86/arm/arm-linux-androideabi-4.7/bin/../lib/gcc/arm-linux-androideabi/4.7/../../../../arm-linux-androideabi/bin/ld: Attempt to open procps/built-in.o succeeded
/home/wenyu/server/localdisk/msm722/prebuilts/gcc/linux-x86/arm/arm-linux-androideabi-4.7/bin/../lib/gcc/arm-linux-androideabi/4.7/../../../../arm-linux-androideabi/bin/ld: Attempt to open runit/built-in.o succeeded
/home/wenyu/server/localdisk/msm722/prebuilts/gcc/linux-x86/arm/arm-linux-androideabi-4.7/bin/../lib/gcc/arm-linux-androideabi/4.7/../../../../arm-linux-androideabi/bin/ld: Attempt to open selinux/built-in.o succeeded
/home/wenyu/server/localdisk/msm722/prebuilts/gcc/linux-x86/arm/arm-linux-androideabi-4.7/bin/../lib/gcc/arm-linux-androideabi/4.7/../../../../arm-linux-androideabi/bin/ld: Attempt to open shell/built-in.o succeeded
/home/wenyu/server/localdisk/msm722/prebuilts/gcc/linux-x86/arm/arm-linux-androideabi-4.7/bin/../lib/gcc/arm-linux-androideabi/4.7/../../../../arm-linux-androideabi/bin/ld: Attempt to open sysklogd/built-in.o succeeded
/home/wenyu/server/localdisk/msm722/prebuilts/gcc/linux-x86/arm/arm-linux-androideabi-4.7/bin/../lib/gcc/arm-linux-androideabi/4.7/../../../../arm-linux-androideabi/bin/ld: Attempt to open util-linux/built-in.o succeeded
/home/wenyu/server/localdisk/msm722/prebuilts/gcc/linux-x86/arm/arm-linux-androideabi-4.7/bin/../lib/gcc/arm-linux-androideabi/4.7/../../../../arm-linux-androideabi/bin/ld: Attempt to open util-linux/volume_id/built-in.o succeeded
/home/wenyu/server/localdisk/msm722/prebuilts/gcc/linux-x86/arm/arm-linux-androideabi-4.7/bin/../lib/gcc/arm-linux-androideabi/4.7/../../../../arm-linux-androideabi/bin/ld: Attempt to open /home/wenyu/server/localdisk/msm722/prebuilts/gcc/linux-x86/arm/arm-linux-androideabi-4.7/bin/../lib/gcc/arm-linux-androideabi/4.7/libm.a failed
/home/wenyu/server/localdisk/msm722/prebuilts/gcc/linux-x86/arm/arm-linux-androideabi-4.7/bin/../lib/gcc/arm-linux-androideabi/4.7/../../../../arm-linux-androideabi/bin/ld: Attempt to open /home/wenyu/server/localdisk/msm722/prebuilts/gcc/linux-x86/arm/arm-linux-androideabi-4.7/bin/../lib/gcc/libm.a failed
/home/wenyu/server/localdisk/msm722/prebuilts/gcc/linux-x86/arm/arm-linux-androideabi-4.7/bin/../lib/gcc/arm-linux-androideabi/4.7/../../../../arm-linux-androideabi/bin/ld: Attempt to open /home/wenyu/server/localdisk/msm722/prebuilts/gcc/linux-x86/arm/arm-linux-androideabi-4.7/bin/../lib/gcc/arm-linux-androideabi/4.7/../../../../arm-linux-androideabi/lib/libm.a failed
/home/wenyu/server/localdisk/msm722/prebuilts/gcc/linux-x86/arm/arm-linux-androideabi-4.7/bin/../lib/gcc/arm-linux-androideabi/4.7/../../../../arm-linux-androideabi/bin/ld: Attempt to open /home/wenyu/server/localdisk/msm722/prebuilts/ndk/9/platforms/android-18/arch-arm/usr/lib/libm.a succeeded
/home/wenyu/server/localdisk/msm722/prebuilts/gcc/linux-x86/arm/arm-linux-androideabi-4.7/bin/../lib/gcc/arm-linux-androideabi/4.7/../../../../arm-linux-androideabi/bin/ld: Attempt to open /home/wenyu/server/localdisk/msm722/prebuilts/gcc/linux-x86/arm/arm-linux-androideabi-4.7/bin/../lib/gcc/arm-linux-androideabi/4.7/libgcc.a succeeded
/home/wenyu/server/localdisk/msm722/prebuilts/gcc/linux-x86/arm/arm-linux-androideabi-4.7/bin/../lib/gcc/arm-linux-androideabi/4.7/../../../../arm-linux-androideabi/bin/ld: Attempt to open /home/wenyu/server/localdisk/msm722/prebuilts/gcc/linux-x86/arm/arm-linux-androideabi-4.7/bin/../lib/gcc/arm-linux-androideabi/4.7/libc.a failed
/home/wenyu/server/localdisk/msm722/prebuilts/gcc/linux-x86/arm/arm-linux-androideabi-4.7/bin/../lib/gcc/arm-linux-androideabi/4.7/../../../../arm-linux-androideabi/bin/ld: Attempt to open /home/wenyu/server/localdisk/msm722/prebuilts/gcc/linux-x86/arm/arm-linux-androideabi-4.7/bin/../lib/gcc/libc.a failed
/home/wenyu/server/localdisk/msm722/prebuilts/gcc/linux-x86/arm/arm-linux-androideabi-4.7/bin/../lib/gcc/arm-linux-androideabi/4.7/../../../../arm-linux-androideabi/bin/ld: Attempt to open /home/wenyu/server/localdisk/msm722/prebuilts/gcc/linux-x86/arm/arm-linux-androideabi-4.7/bin/../lib/gcc/arm-linux-androideabi/4.7/../../../../arm-linux-androideabi/lib/libc.a failed
/home/wenyu/server/localdisk/msm722/prebuilts/gcc/linux-x86/arm/arm-linux-androideabi-4.7/bin/../lib/gcc/arm-linux-androideabi/4.7/../../../../arm-linux-androideabi/bin/ld: Attempt to open /home/wenyu/server/localdisk/msm722/prebuilts/ndk/9/platforms/android-18/arch-arm/usr/lib/libc.a succeeded
/home/wenyu/server/localdisk/msm722/prebuilts/gcc/linux-x86/arm/arm-linux-androideabi-4.7/bin/../lib/gcc/arm-linux-androideabi/4.7/../../../../arm-linux-androideabi/bin/ld: warning: /home/wenyu/server/localdisk/msm722/prebuilts/ndk/9/platforms/android-18/arch-arm/usr/lib/libc.a(ev_streams.o): multiple common of '__evOptMonoTime'
/home/wenyu/server/localdisk/msm722/prebuilts/gcc/linux-x86/arm/arm-linux-androideabi-4.7/bin/../lib/gcc/arm-linux-androideabi/4.7/../../../../arm-linux-androideabi/bin/ld: /home/wenyu/server/localdisk/msm722/prebuilts/ndk/9/platforms/android-18/arch-arm/usr/lib/libc.a(ev_timers.o): previous definition here
/home/wenyu/server/localdisk/msm722/prebuilts/gcc/linux-x86/arm/arm-linux-androideabi-4.7/bin/../lib/gcc/arm-linux-androideabi/4.7/../../../../arm-linux-androideabi/bin/ld: Attempt to open /home/wenyu/server/localdisk/msm722/prebuilts/ndk/9/platforms/android-18/arch-arm/usr/lib/crtend_android.o succeeded
debianutils/lib.a(mktemp.o):mktemp.c:function mktemp_main: warning: warning: mktemp() possibly used unsafely; consider using mkstemp()
